Command line:
   decimator_tb_isim_beh.exe
     -simmode  gui
     -simrunnum  0
     -socket  51202

Sat Apr 09 13:42:28 2016


 Elaboration Time: 0.390002 sec

 Current Memory Usage: 672.42 Meg

 Total Signals          : 11
 Total Nets             : 18
 Total Signal Drivers   : 6
 Total Blocks           : 6
 Total Primitive Blocks : 5
 Total Processes        : 3
 Total Traceable Variables  : 21
 Total Scalar Nets and Variables : 526
Total Line Count : 19

** Failure:Assertion violation
User(VHDL) Code Called Simulation Stop
In process decimator_tb.vhd:stim_proc 
 


 Total Simulation Time: 0.998406 sec

 Current Memory Usage: 987.517 Meg

Sat Apr 09 13:43:25 2016

