Command line:
   mul_tb_isim_beh.exe
     -simmode  gui
     -simrunnum  0
     -socket  52670

Sat Apr 09 16:46:35 2016


 Elaboration Time: 0.358802 sec

 Current Memory Usage: 671.961 Meg

 Total Signals          : 6
 Total Nets             : 32
 Total Signal Drivers   : 3
 Total Blocks           : 6
 Total Primitive Blocks : 5
 Total Processes        : 2
 Total Traceable Variables  : 16
 Total Scalar Nets and Variables : 534
Total Line Count : 5

** Failure:Assertion violation
User(VHDL) Code Called Simulation Stop
In process mul_tb.vhd:stim_proc 
 


 Total Simulation Time: 0.374403 sec

 Current Memory Usage: 671.961 Meg

Sat Apr 09 16:57:07 2016

