Command line:
   nco_tb_isim_beh.exe
     -simmode  gui
     -simrunnum  0
     -socket  52705

Wed Apr 20 21:14:02 2016


 Elaboration Time: 0.436803 sec

 Current Memory Usage: 675.209 Meg

 Total Signals          : 20
 Total Nets             : 39
 Total Signal Drivers   : 8
 Total Blocks           : 11
 Total Primitive Blocks : 9
 Total Processes        : 8
 Total Traceable Variables  : 26
 Total Scalar Nets and Variables : 1062
Total Line Count : 22

 Total Simulation Time: 0.468004 sec

 Current Memory Usage: 675.209 Meg

Wed Apr 20 21:23:30 2016

