Command line:
   presc_tb_isim_beh.exe
     -simmode  gui
     -simrunnum  0
     -socket  42245

Sat Apr 23 12:18:16 2016


 Elaboration Time: 0.02 sec

 Current Memory Usage: 195.834 Meg

 Total Signals          : 8
 Total Nets             : 7
 Total Signal Drivers   : 5
 Total Blocks           : 5
 Total Primitive Blocks : 4
 Total Processes        : 4
 Total Traceable Variables  : 15
 Total Scalar Nets and Variables : 392
Total Line Count : 15

 Total Simulation Time: 0.26 sec

 Current Memory Usage: 271.335 Meg

Sat Apr 23 12:20:32 2016

