#-----------------------------------------------------------
# PlanAhead v14.7 (64-bit)
# Build 321239 by xbuild on Fri Sep 27 19:24:36 MDT 2013
# Start of session at: Mon May 23 16:01:48 2016
# Process ID: 2741
# Log file: /home/piotr/workspace/PUL/PUL_SDR/ISE/PUL_SDR_r/planAhead_run_1/planAhead.log
# Journal file: /home/piotr/workspace/PUL/PUL_SDR/ISE/PUL_SDR_r/planAhead_run_1/planAhead.jou
#-----------------------------------------------------------
INFO: [Common 17-78] Attempting to get a license: PlanAhead
WARNING: [Common 17-301] Failed to get a license: PlanAhead
INFO: [Device 21-36] Loading parts and site information from /opt/Xilinx/14.7/ISE_DS/PlanAhead/data/parts/arch.xml
Parsing RTL primitives file [/opt/Xilinx/14.7/ISE_DS/PlanAhead/data/parts/xilinx/rtl/prims/rtl_prims.xml]
Finished parsing RTL primitives file [/opt/Xilinx/14.7/ISE_DS/PlanAhead/data/parts/xilinx/rtl/prims/rtl_prims.xml]
start_gui
INFO: [Common 17-78] Attempting to get a license: PlanAhead
WARNING: [Common 17-301] Failed to get a license: PlanAhead
source /home/piotr/workspace/PUL/PUL_SDR/ISE/PUL_SDR_r/pa.fromHdl.tcl
# create_project -name PUL_SDR_r -dir "/home/piotr/workspace/PUL/PUL_SDR/ISE/PUL_SDR_r/planAhead_run_2" -part xc3s500efg320-4
# set_param project.pinAheadLayout yes
# set srcset [get_property srcset [current_run -impl]]
# set_property target_constrs_file "bypass.ucf" [current_fileset -constrset]
Adding file '/home/piotr/workspace/PUL/PUL_SDR/ISE/PUL_SDR_r/bypass.ucf' to fileset 'constrs_1'
# set hdlfile [add_files [list {DAC_Control.vhd}]]
# set_property file_type VHDL $hdlfile
# set_property library work $hdlfile
# set hdlfile [add_files [list {clk_prescaler.vhd}]]
# set_property file_type VHDL $hdlfile
# set_property library work $hdlfile
# set hdlfile [add_files [list {ADC_control.vhd}]]
# set_property file_type VHDL $hdlfile
# set_property library work $hdlfile
# set hdlfile [add_files [list {DAC_TOP.vhd}]]
# set_property file_type VHDL $hdlfile
# set_property library work $hdlfile
# set hdlfile [add_files [list {ADC_TOP.vhd}]]
# set_property file_type VHDL $hdlfile
# set_property library work $hdlfile
# set hdlfile [add_files [list {bypass.vhd}]]
# set_property file_type VHDL $hdlfile
# set_property library work $hdlfile
# set_property top bypass $srcset
# add_files [list {bypass.ucf}] -fileset [get_property constrset [current_run]]
# add_files [list {ipcore_dir/fir_filter.ncf}] -fileset [get_property constrset [current_run]]
# open_rtl_design -part xc3s500efg320-4
Using Verific elaboration
Parsing VHDL file "/opt/Xilinx/14.7/ISE_DS/PlanAhead/data/parts/xilinx/rtl/lib/synplify/synattr.vhd" into library synplify
Parsing VHDL file "/opt/Xilinx/14.7/ISE_DS/PlanAhead/data/parts/xilinx/rtl/lib/synplify/synattr.vhd" into library synplify
Parsing VHDL file "/home/piotr/workspace/PUL/PUL_SDR/ISE/PUL_SDR_r/DAC_Control.vhd" into library work
Parsing VHDL file "/home/piotr/workspace/PUL/PUL_SDR/ISE/PUL_SDR_r/clk_prescaler.vhd" into library work
Parsing VHDL file "/home/piotr/workspace/PUL/PUL_SDR/ISE/PUL_SDR_r/ADC_control.vhd" into library work
Parsing VHDL file "/home/piotr/workspace/PUL/PUL_SDR/ISE/PUL_SDR_r/DAC_TOP.vhd" into library work
Parsing VHDL file "/home/piotr/workspace/PUL/PUL_SDR/ISE/PUL_SDR_r/ADC_TOP.vhd" into library work
Parsing VHDL file "/home/piotr/workspace/PUL/PUL_SDR/ISE/PUL_SDR_r/bypass.vhd" into library work
INFO: [Designutils 20-910] Reading macro library /opt/Xilinx/14.7/ISE_DS/PlanAhead/data/./parts/xilinx/spartan3e/spartan3e/hd_int_macros.edn
Parsing EDIF File [/opt/Xilinx/14.7/ISE_DS/PlanAhead/data/./parts/xilinx/spartan3e/spartan3e/hd_int_macros.edn]
Finished Parsing EDIF File [/opt/Xilinx/14.7/ISE_DS/PlanAhead/data/./parts/xilinx/spartan3e/spartan3e/hd_int_macros.edn]
Loading clock regions from /opt/Xilinx/14.7/ISE_DS/PlanAhead/data/parts/xilinx/spartan3e/spartan3e/xc3s500e/ClockRegion.xml
Loading clock buffers from /opt/Xilinx/14.7/ISE_DS/PlanAhead/data/parts/xilinx/spartan3e/spartan3e/xc3s500e/ClockBuffers.xml
Loading package from /opt/Xilinx/14.7/ISE_DS/PlanAhead/data/parts/xilinx/spartan3e/spartan3e/xc3s500e/fg320/Package.xml
Loading io standards from /opt/Xilinx/14.7/ISE_DS/PlanAhead/data/./parts/xilinx/spartan3e/IOStandards.xml
INFO: [Device 21-19] Loading pkg sso from /opt/Xilinx/14.7/ISE_DS/PlanAhead/data/parts/xilinx/spartan3e/spartan3e/xc3s500e/fg320/SSORules.xml
Loading list of drcs for the architecture : /opt/Xilinx/14.7/ISE_DS/PlanAhead/data/./parts/xilinx/spartan3e/spartan3e/drc.xml
INFO: [Timing 38-77] Reading timing library /opt/Xilinx/14.7/ISE_DS/PlanAhead/data/parts/xilinx/spartan3e/spartan3e/spartan3e-4.lib.
INFO: [Timing 38-34] Done reading timing library /opt/Xilinx/14.7/ISE_DS/PlanAhead/data/parts/xilinx/spartan3e/spartan3e/spartan3e-4.lib.
Parsing UCF File [/home/piotr/workspace/PUL/PUL_SDR/ISE/PUL_SDR_r/bypass.ucf]
Finished Parsing UCF File [/home/piotr/workspace/PUL/PUL_SDR/ISE/PUL_SDR_r/bypass.ucf]
INFO: [Project 1-111] Unisim Transformation Summary:
No Unisim elements were transformed.

Phase 0 | Netlist Checksum: 6c1ce543
open_rtl_design: Time (s): cpu = 00:00:17 ; elapsed = 00:00:10 . Memory (MB): peak = 2811.344 ; gain = 116.148
update_compile_order -fileset sim_1
INFO: [Common 17-78] Attempting to get a license: PlanAhead
WARNING: [Common 17-301] Failed to get a license: PlanAhead
