Command line:
   pha_tb_isim_beh.exe
     -simmode  gui
     -simrunnum  0
     -socket  54619

Fri Apr 08 22:29:27 2016


 Elaboration Time: 0.421203 sec

 Current Memory Usage: 672.391 Meg

 Total Signals          : 9
 Total Nets             : 11
 Total Signal Drivers   : 5
 Total Blocks           : 5
 Total Primitive Blocks : 4
 Total Processes        : 4
 Total Traceable Variables  : 13
 Total Scalar Nets and Variables : 392
Total Line Count : 14

** Failure:Assertion violation
User(VHDL) Code Called Simulation Stop
In process pha_tb.vhd:stim_proc 
 


 Total Simulation Time: 0.452403 sec

 Current Memory Usage: 672.391 Meg

Fri Apr 08 22:48:24 2016

